\BOOKMARK [1][-]{section.1}{\376\377\000E\000j\000e\000r\000c\000i\000c\000i\000o\000\040\0001\000:\000\040\000E\000s\000c\000a\000l\000a\000m\000i\000e\000n\000t\000o\000\040\0002\000D}{}% 1
\BOOKMARK [2][-]{subsection.1.1}{\376\377\000D\000e\000s\000c\000r\000i\000p\000c\000i\000o\000n}{section.1}% 2
\BOOKMARK [2][-]{subsection.1.2}{\376\377\000R\000e\000s\000u\000l\000t\000a\000d\000o\000\040\000e\000n\000\040\000c\000o\000n\000s\000o\000l\000a}{section.1}% 3
\BOOKMARK [2][-]{subsection.1.3}{\376\377\000C\000a\000p\000t\000u\000r\000a\000\040\000d\000e\000\040\000p\000a\000n\000t\000a\000l\000l\000a}{section.1}% 4
\BOOKMARK [1][-]{section.2}{\376\377\000E\000j\000e\000r\000c\000i\000c\000i\000o\000\040\0002\000:\000\040\000R\000o\000t\000a\000c\000i\000\363\000n\000\040\0002\000D}{}% 5
\BOOKMARK [2][-]{subsection.2.1}{\376\377\000D\000e\000s\000c\000r\000i\000p\000c\000i\000o\000n}{section.2}% 6
\BOOKMARK [2][-]{subsection.2.2}{\376\377\000R\000e\000s\000u\000l\000t\000a\000d\000o\000\040\000e\000n\000\040\000c\000o\000n\000s\000o\000l\000a}{section.2}% 7
\BOOKMARK [2][-]{subsection.2.3}{\376\377\000C\000a\000p\000t\000u\000r\000a\000\040\000d\000e\000\040\000p\000a\000n\000t\000a\000l\000l\000a}{section.2}% 8
\BOOKMARK [1][-]{section.3}{\376\377\000A\000c\000t\000i\000v\000i\000d\000a\000d\000\040\0001\000:\000\040\000E\000s\000c\000a\000l\000a\000m\000i\000e\000n\000t\000o\000\040\000d\000e\000\040\000C\000\355\000r\000c\000u\000l\000o}{}% 9
\BOOKMARK [2][-]{subsection.3.1}{\376\377\000E\000n\000u\000n\000c\000i\000a\000d\000o}{section.3}% 10
\BOOKMARK [2][-]{subsection.3.2}{\376\377\000D\000e\000s\000c\000r\000i\000p\000c\000i\000o\000n\000\040\000d\000e\000\040\000l\000a\000\040\000s\000o\000l\000u\000c\000i\000o\000n}{section.3}% 11
\BOOKMARK [2][-]{subsection.3.3}{\376\377\000C\000o\000d\000i\000g\000o\000\040\000f\000u\000e\000n\000t\000e}{section.3}% 12
\BOOKMARK [2][-]{subsection.3.4}{\376\377\000R\000e\000s\000u\000l\000t\000a\000d\000o\000\040\000e\000n\000\040\000c\000o\000n\000s\000o\000l\000a}{section.3}% 13
\BOOKMARK [2][-]{subsection.3.5}{\376\377\000C\000a\000p\000t\000u\000r\000a\000\040\000d\000e\000\040\000p\000a\000n\000t\000a\000l\000l\000a}{section.3}% 14
\BOOKMARK [1][-]{section.4}{\376\377\000A\000c\000t\000i\000v\000i\000d\000a\000d\000\040\0002\000:\000\040\000T\000r\000a\000s\000l\000a\000c\000i\000\363\000n\000\040\000y\000\040\000R\000o\000t\000a\000c\000i\000\363\000n\000\040\000d\000e\000\040\000R\000e\000c\000t\000\341\000n\000g\000u\000l\000o}{}% 15
\BOOKMARK [2][-]{subsection.4.1}{\376\377\000E\000n\000u\000n\000c\000i\000a\000d\000o}{section.4}% 16
\BOOKMARK [2][-]{subsection.4.2}{\376\377\000D\000e\000s\000c\000r\000i\000p\000c\000i\000o\000n\000\040\000d\000e\000\040\000l\000a\000\040\000s\000o\000l\000u\000c\000i\000o\000n}{section.4}% 17
\BOOKMARK [2][-]{subsection.4.3}{\376\377\000C\000o\000d\000i\000g\000o\000\040\000f\000u\000e\000n\000t\000e}{section.4}% 18
\BOOKMARK [2][-]{subsection.4.4}{\376\377\000R\000e\000s\000u\000l\000t\000a\000d\000o\000\040\000e\000n\000\040\000c\000o\000n\000s\000o\000l\000a}{section.4}% 19
\BOOKMARK [2][-]{subsection.4.5}{\376\377\000C\000a\000p\000t\000u\000r\000a\000\040\000d\000e\000\040\000p\000a\000n\000t\000a\000l\000l\000a}{section.4}% 20
